<?xml version="1.0" encoding="UTF-8"?>
<!-- Generated by org.testng.reporters.JUnitXMLReporter -->
<testsuite ignored="1" hostname="Balaji" failures="0" tests="3" name="Default test" time="358.315" errors="0" timestamp="2022-06-07T10:49:35 IST">
  <testcase classname="com.brillio.test.LoginTest" name="validCredentialTest" time="194.402"/>
  <testcase classname="com.brillio.test.LoginTest" name="validCredentialTest" time="31.346"/>
  <testcase classname="com.brillio.test.LoginTest" name="validCredentialTest" time="13.691"/>
  <testcase classname="com.brillio.test.LoginTest" name="invalidCredentialTest" time="0.0">
    <ignored/>
  </testcase> <!-- invalidCredentialTest -->
</testsuite> <!-- Default test -->
