<?xml version="1.0" encoding="UTF-8"?>
<!-- Generated by org.testng.reporters.JUnitXMLReporter -->
<testsuite ignored="1" hostname="Balaji" failures="0" tests="2" name="Default test" time="117.544" errors="0" timestamp="2022-06-01T09:03:09 IST">
  <testcase classname="com.brillio.test.LoginTest" name="validCredentialTest" time="15.1"/>
  <testcase classname="com.brillio.test.LoginTest" name="validCredentialTest" time="12.387"/>
  <testcase classname="com.brillio.test.LoginTest" name="invalidCredentialTest" time="0.0">
    <ignored/>
  </testcase> <!-- invalidCredentialTest -->
</testsuite> <!-- Default test -->
