<?xml version="1.0" encoding="UTF-8"?>
<testng-results ignored="1" total="3" passed="2" failed="0" skipped="0">
  <reporter-output>
  </reporter-output>
  <suite started-at="2022-06-01T09:01:12 IST" name="Default suite" finished-at="2022-06-01T09:03:09 IST" duration-ms="117544">
    <groups>
    </groups>
    <test started-at="2022-06-01T09:01:12 IST" name="Default test" finished-at="2022-06-01T09:03:09 IST" duration-ms="117544">
      <class name="com.brillio.test.LoginTest">
        <test-method is-config="true" signature="setup()[pri:0, instance:com.brillio.test.LoginTest@47e2e487]" started-at="2022-06-01T09:01:57 IST" name="setup" finished-at="2022-06-01T09:02:21 IST" duration-ms="23712" status="PASS">
          <reporter-output>
          </reporter-output>
        </test-method> <!-- setup -->
        <test-method signature="validCredentialTest(java.lang.String,java.lang.String,java.lang.String,java.lang.String)[pri:0, instance:com.brillio.test.LoginTest@47e2e487]" started-at="2022-06-01T09:02:21 IST" name="validCredentialTest" data-provider="validCredentialData" finished-at="2022-06-01T09:02:36 IST" duration-ms="15100" status="PASS">
          <params>
            <param index="0">
              <value>
                <![CDATA[admin]]>
              </value>
            </param>
            <param index="1">
              <value>
                <![CDATA[pass]]>
              </value>
            </param>
            <param index="2">
              <value>
                <![CDATA[English (Indian)]]>
              </value>
            </param>
            <param index="3">
              <value>
                <![CDATA[OpenEMR]]>
              </value>
            </param>
          </params>
          <reporter-output>
          </reporter-output>
        </test-method> <!-- validCredentialTest -->
        <test-method is-config="true" signature="teardown()[pri:0, instance:com.brillio.test.LoginTest@47e2e487]" started-at="2022-06-01T09:02:36 IST" name="teardown" finished-at="2022-06-01T09:02:40 IST" duration-ms="4743" status="PASS">
          <reporter-output>
          </reporter-output>
        </test-method> <!-- teardown -->
        <test-method is-config="true" signature="setup()[pri:0, instance:com.brillio.test.LoginTest@47e2e487]" started-at="2022-06-01T09:02:40 IST" name="setup" finished-at="2022-06-01T09:02:54 IST" duration-ms="13685" status="PASS">
          <reporter-output>
          </reporter-output>
        </test-method> <!-- setup -->
        <test-method signature="validCredentialTest(java.lang.String,java.lang.String,java.lang.String,java.lang.String)[pri:0, instance:com.brillio.test.LoginTest@47e2e487]" started-at="2022-06-01T09:02:54 IST" name="validCredentialTest" data-provider="validCredentialData" finished-at="2022-06-01T09:03:06 IST" duration-ms="12387" status="PASS">
          <params>
            <param index="0">
              <value>
                <![CDATA[physician]]>
              </value>
            </param>
            <param index="1">
              <value>
                <![CDATA[physician]]>
              </value>
            </param>
            <param index="2">
              <value>
                <![CDATA[Dutch]]>
              </value>
            </param>
            <param index="3">
              <value>
                <![CDATA[OpenEMR]]>
              </value>
            </param>
          </params>
          <reporter-output>
          </reporter-output>
        </test-method> <!-- validCredentialTest -->
        <test-method is-config="true" signature="teardown()[pri:0, instance:com.brillio.test.LoginTest@47e2e487]" started-at="2022-06-01T09:03:06 IST" name="teardown" finished-at="2022-06-01T09:03:09 IST" duration-ms="2905" status="PASS">
          <reporter-output>
          </reporter-output>
        </test-method> <!-- teardown -->
      </class> <!-- com.brillio.test.LoginTest -->
    </test> <!-- Default test -->
  </suite> <!-- Default suite -->
</testng-results>
