<?xml version="1.0" encoding="UTF-8"?>
<testng-results ignored="0" total="2" passed="2" failed="0" skipped="0">
  <reporter-output>
  </reporter-output>
  <suite started-at="2022-05-31T09:52:55 IST" name="Default suite" finished-at="2022-05-31T09:53:17 IST" duration-ms="22247">
    <groups>
    </groups>
    <test started-at="2022-05-31T09:52:55 IST" name="Default test" finished-at="2022-05-31T09:53:17 IST" duration-ms="22247">
      <class name="com.brillio.test.LoginTest">
        <test-method signature="invalidCredentialTest()[pri:0, instance:com.brillio.test.LoginTest@593aaf41]" started-at="2022-05-31T09:52:55 IST" name="invalidCredentialTest" finished-at="2022-05-31T09:53:05 IST" duration-ms="10064" status="PASS">
          <reporter-output>
          </reporter-output>
        </test-method> <!-- invalidCredentialTest -->
        <test-method signature="validCredentialTest()[pri:0, instance:com.brillio.test.LoginTest@593aaf41]" started-at="2022-05-31T09:53:05 IST" name="validCredentialTest" finished-at="2022-05-31T09:53:17 IST" duration-ms="12134" status="PASS">
          <reporter-output>
          </reporter-output>
        </test-method> <!-- validCredentialTest -->
      </class> <!-- com.brillio.test.LoginTest -->
    </test> <!-- Default test -->
  </suite> <!-- Default suite -->
</testng-results>
