<?xml version="1.0" encoding="UTF-8"?>
<testng-results ignored="0" total="1" passed="1" failed="0" skipped="0">
  <reporter-output>
  </reporter-output>
  <suite started-at="2022-06-02T12:04:30 IST" name="Default suite" finished-at="2022-06-02T12:05:21 IST" duration-ms="50621">
    <groups>
    </groups>
    <test started-at="2022-06-02T12:04:30 IST" name="Default test" finished-at="2022-06-02T12:05:21 IST" duration-ms="50621">
      <class name="com.brillio.test.LoginUITest">
        <test-method is-config="true" signature="init()[pri:0, instance:com.brillio.test.LoginUITest@38cee291]" started-at="2022-06-02T12:04:30 IST" name="init" finished-at="2022-06-02T12:04:30 IST" duration-ms="491" status="PASS">
          <reporter-output>
          </reporter-output>
        </test-method> <!-- init -->
        <test-method is-config="true" signature="setup(java.lang.String,java.lang.reflect.Method)[pri:0, instance:com.brillio.test.LoginUITest@38cee291]" started-at="2022-06-02T12:04:30 IST" name="setup" finished-at="2022-06-02T12:04:38 IST" duration-ms="8266" status="PASS">
          <params>
            <param index="0">
              <value>
                <![CDATA[ch]]>
              </value>
            </param>
            <param index="1">
              <value>
                <![CDATA[public void com.brillio.test.LoginUITest.validateTitleTest()]]>
              </value>
            </param>
          </params>
          <reporter-output>
          </reporter-output>
        </test-method> <!-- setup -->
        <test-method signature="validateTitleTest()[pri:0, instance:com.brillio.test.LoginUITest@38cee291]" started-at="2022-06-02T12:04:38 IST" name="validateTitleTest" finished-at="2022-06-02T12:04:38 IST" duration-ms="29" status="PASS">
          <reporter-output>
          </reporter-output>
        </test-method> <!-- validateTitleTest -->
        <test-method is-config="true" signature="teardown(org.testng.ITestResult)[pri:0, instance:com.brillio.test.LoginUITest@38cee291]" started-at="2022-06-02T12:04:38 IST" name="teardown" finished-at="2022-06-02T12:05:21 IST" duration-ms="42280" status="PASS">
          <params>
            <param index="0">
              <value>
                <![CDATA[[TestResult name=validateTitleTest status=SUCCESS method=LoginUITest.validateTitleTest()[pri:0, instance:com.brillio.test.LoginUITest@38cee291] output={null}]]]>
              </value>
            </param>
          </params>
          <reporter-output>
          </reporter-output>
        </test-method> <!-- teardown -->
        <test-method is-config="true" signature="end()[pri:0, instance:com.brillio.test.LoginUITest@38cee291]" started-at="2022-06-02T12:05:21 IST" name="end" finished-at="2022-06-02T12:05:21 IST" duration-ms="663" status="PASS">
          <reporter-output>
          </reporter-output>
        </test-method> <!-- end -->
      </class> <!-- com.brillio.test.LoginUITest -->
    </test> <!-- Default test -->
  </suite> <!-- Default suite -->
</testng-results>
