<?xml version="1.0" encoding="UTF-8"?>
<!-- Generated by org.testng.reporters.JUnitXMLReporter -->
<testsuite ignored="0" hostname="Balaji" failures="0" tests="1" name="Open EMR Test" time="0.077" errors="0" timestamp="2022-06-02T11:04:02 IST">
  <testcase classname="com.brillio.base.WebDriverWrapper" name="@BeforeMethod setup" time="-1.654148042433E9">
    <failure type="org.testng.TestNGException" message="
Parameter &amp;apos;browser&amp;apos; is required by BeforeMethod on method setup but has not been marked @Optional or defined
in D:\Mine\Company\Brillio\java_selenium_workspace\OpenEmrAutomation\testng.xml">
      <![CDATA[org.testng.TestNGException: 
Parameter 'browser' is required by BeforeMethod on method setup but has not been marked @Optional or defined
in D:\Mine\Company\Brillio\java_selenium_workspace\OpenEmrAutomation\testng.xml
at java.base/java.util.ArrayList.forEach(ArrayList.java:1511)
... Removed 28 stack frames]]>
    </failure>
  </testcase> <!-- @BeforeMethod setup -->
  <testcase classname="com.brillio.base.WebDriverWrapper" name="@AfterMethod teardown" time="0.0">
    <skipped/>
  </testcase> <!-- @AfterMethod teardown -->
  <testcase classname="com.brillio.test.LoginUITest" name="validateTitleTest" time="0.0">
    <skipped/>
  </testcase> <!-- validateTitleTest -->
</testsuite> <!-- Open EMR Test -->
