<?xml version="1.0" encoding="UTF-8"?>
<!-- Generated by org.testng.reporters.JUnitXMLReporter -->
<testsuite ignored="6" hostname="Balaji" failures="0" tests="8" name="Open EMR Test - CH" time="142.211" errors="0" timestamp="2022-06-03T09:21:45 IST">
  <testcase classname="com.brillio.test.LoginUITest" name="validateTitleTest" time="3.256"/>
  <testcase classname="com.brillio.test.LoginTest" name="invalidCredentialTest" time="4.638"/>
  <testcase classname="com.brillio.test.LoginTest" name="invalidCredentialTest" time="4.024"/>
  <testcase classname="com.brillio.test.LoginTest" name="invalidCredentialTest" time="3.489"/>
  <testcase classname="com.brillio.test.LoginTest" name="invalidCredentialTest" time="3.26"/>
  <testcase classname="com.brillio.test.LoginTest" name="invalidCredentialTest" time="5.483"/>
  <testcase classname="com.brillio.test.LoginTest" name="invalidCredentialTest" time="4.334"/>
  <testcase classname="com.brillio.test.LoginTest" name="invalidCredentialTest" time="3.644"/>
  <testcase classname="com.brillio.base.WebDriverWrapper" name="@BeforeSuite init" time="0.0">
    <ignored/>
  </testcase> <!-- @BeforeSuite init -->
  <testcase classname="com.brillio.base.WebDriverWrapper" name="@BeforeSuite init" time="0.0">
    <ignored/>
  </testcase> <!-- @BeforeSuite init -->
  <testcase classname="com.brillio.test.LoginTest" name="validCredentialTest" time="0.0">
    <ignored/>
  </testcase> <!-- validCredentialTest -->
  <testcase classname="com.brillio.base.WebDriverWrapper" name="@AfterSuite end" time="0.0">
    <ignored/>
  </testcase> <!-- @AfterSuite end -->
  <testcase classname="com.brillio.test.PatientTest" name="addPatientTest" time="0.0">
    <ignored/>
  </testcase> <!-- addPatientTest -->
  <testcase classname="com.brillio.base.WebDriverWrapper" name="@AfterSuite end" time="0.0">
    <ignored/>
  </testcase> <!-- @AfterSuite end -->
</testsuite> <!-- Open EMR Test - CH -->
